Using pre-set license
Built from '2021.1/staging' branch; Version is '2021.1.21f1 (f2d5d3c59f8c) revision 15914451'; Using compiler version '192528614'; Build Type 'Release'
OS: 'Windows 10 Pro; OS build 19042.1237; Version 2009; 64bit' Language: 'en' Physical Memory: 8094 MB
BatchMode: 1, IsHumanControllingUs: 0, StartBugReporterOnCrash: 0, Is64bit: 1, IsPro: 0

COMMAND LINE ARGUMENTS:
C:\Program Files\Unity\Hub\Editor\2021.1.21f1\Editor\Unity.exe
-adb2
-batchMode
-noUpm
-name
AssetImportWorker1
-projectPath
D:/Projects/Clown-Escape
-logFile
Logs/AssetImportWorker1.log
-srvPort
61384
Successfully changed project path to: D:/Projects/Clown-Escape
D:/Projects/Clown-Escape
Using Asset Import Pipeline V2.
Refreshing native plugins compatible for Editor in 406.56 ms, found 4 plugins.
Preloading 0 native plugins for Editor in 0.00 ms.
Initialize engine version: 2021.1.21f1 (f2d5d3c59f8c)
[Subsystems] Discovering subsystems at path C:/Program Files/Unity/Hub/Editor/2021.1.21f1/Editor/Data/Resources/UnitySubsystems
[Subsystems] Discovering subsystems at path D:/Projects/Clown-Escape/Assets
GfxDevice: creating device client; threaded=0; jobified=0
Direct3D:
    Version:  Direct3D 11.0 [level 11.0]
    Renderer: Intel(R) HD Graphics 4000 (ID=0x166)
    Vendor:   Intel
    VRAM:     128 MB
    Driver:   10.18.10.5059
Initialize mono
Mono path[0] = 'C:/Program Files/Unity/Hub/Editor/2021.1.21f1/Editor/Data/Managed'
Mono path[1] = 'C:/Program Files/Unity/Hub/Editor/2021.1.21f1/Editor/Data/MonoBleedingEdge/lib/mono/unityjit'
Mono config path = 'C:/Program Files/Unity/Hub/Editor/2021.1.21f1/Editor/Data/MonoBleedingEdge/etc'
Using monoOptions --debugger-agent=transport=dt_socket,embedding=1,server=y,suspend=n,address=127.0.0.1:56140
Begin MonoManager ReloadAssembly
Registering precompiled unity dll's ...
Register platform support module: C:/Program Files/Unity/Hub/Editor/2021.1.21f1/Editor/Data/PlaybackEngines/WindowsStandaloneSupport/UnityEditor.WindowsStandalone.Extensions.dll
Registered in 0.002804 seconds.
Native extension for WindowsStandalone target not found
Refreshing native plugins compatible for Editor in 176.57 ms, found 4 plugins.
Preloading 0 native plugins for Editor in 0.00 ms.
Mono: successfully reloaded assembly
- Completed reload, in  3.794 seconds
Domain Reload Profiling:
	ReloadAssembly (3794ms)
		BeginReloadAssembly (280ms)
			ExecutionOrderSort (0ms)
			DisableScriptedObjects (0ms)
			BackupInstance (0ms)
			ReleaseScriptingObjects (0ms)
			CreateAndSetChildDomain (1ms)
		EndReloadAssembly (702ms)
			LoadAssemblies (276ms)
			RebuildTransferFunctionScriptingTraits (0ms)
			SetupTypeCache (219ms)
			ReleaseScriptCaches (0ms)
			RebuildScriptCaches (43ms)
			SetupLoadedEditorAssemblies (376ms)
				LogAssemblyErrors (0ms)
				InitializePlatformSupportModulesInManaged (15ms)
				SetLoadedEditorAssemblies (0ms)
				RefreshPlugins (177ms)
				BeforeProcessingInitializeOnLoad (2ms)
				ProcessInitializeOnLoadAttributes (140ms)
				ProcessInitializeOnLoadMethodAttributes (43ms)
				AfterProcessingInitializeOnLoad (0ms)
				EditorAssembliesLoaded (0ms)
			ExecutionOrderSort2 (0ms)
			AwakeInstancesAfterBackupRestoration (0ms)
Platform modules already initialized, skipping
Registering precompiled user dll's ...
Registered in 0.004587 seconds.
Begin MonoManager ReloadAssembly
Symbol file LoadedFromMemory doesn't match image D:\Projects\Clown-Escape\Library\PackageCache\com.unity.visualscripting@1.6.1\Editor\VisualScripting.Core\Dependencies\YamlDotNet\Unity.VisualScripting.YamlDotNet.dll
Symbol file LoadedFromMemory doesn't match image D:\Projects\Clown-Escape\Library\PackageCache\com.unity.visualscripting@1.6.1\Editor\VisualScripting.Core\Dependencies\DotNetZip\Unity.VisualScripting.IonicZip.dll
Native extension for WindowsStandalone target not found
Refreshing native plugins compatible for Editor in 162.66 ms, found 4 plugins.
Preloading 0 native plugins for Editor in 0.00 ms.
Mono: successfully reloaded assembly
- Completed reload, in  3.069 seconds
Domain Reload Profiling:
	ReloadAssembly (3069ms)
		BeginReloadAssembly (220ms)
			ExecutionOrderSort (0ms)
			DisableScriptedObjects (7ms)
			BackupInstance (0ms)
			ReleaseScriptingObjects (0ms)
			CreateAndSetChildDomain (24ms)
		EndReloadAssembly (2767ms)
			LoadAssemblies (1381ms)
			RebuildTransferFunctionScriptingTraits (0ms)
			SetupTypeCache (505ms)
			ReleaseScriptCaches (1ms)
			RebuildScriptCaches (93ms)
			SetupLoadedEditorAssemblies (655ms)
				LogAssemblyErrors (0ms)
				InitializePlatformSupportModulesInManaged (6ms)
				SetLoadedEditorAssemblies (0ms)
				RefreshPlugins (163ms)
				BeforeProcessingInitializeOnLoad (128ms)
				ProcessInitializeOnLoadAttributes (323ms)
				ProcessInitializeOnLoadMethodAttributes (27ms)
				AfterProcessingInitializeOnLoad (9ms)
				EditorAssembliesLoaded (0ms)
			ExecutionOrderSort2 (0ms)
			AwakeInstancesAfterBackupRestoration (10ms)
Platform modules already initialized, skipping
========================================================================
Worker process is ready to serve import requests
Launched and connected shader compiler UnityShaderCompiler.exe after 0.20 seconds
Refreshing native plugins compatible for Editor in 0.93 ms, found 4 plugins.
Preloading 0 native plugins for Editor in 0.00 ms.
Unloading 3676 Unused Serialized files (Serialized files now loaded: 0)
System memory in use before: 136.3 MB.
System memory in use after: 136.6 MB.

Unloading 30 unused Assets to reduce memory usage. Loaded Objects now: 4126.
Total: 5.036600 ms (FindLiveObjects: 0.407700 ms CreateObjectMapping: 0.400000 ms MarkObjects: 4.141700 ms  DeleteObjects: 0.085800 ms)

AssetImportParameters requested are different than current active one (requested -> active):
  custom:framework-win-MediaFoundation: 216162199b28c13a410421893ffa2e32 -> 
  custom:video-decoder-ogg-theora: a1e56fd34408186e4bbccfd4996cb3dc -> 
  custom:container-muxer-webm: aa71ff27fc2769a1b78a27578f13a17b -> 
  custom:container-demuxer-webm: 4f35f7cbe854078d1ac9338744f61a02 -> 
  custom:container-demuxer-ogg: 62fdf1f143b41e24485cea50d1cbac27 -> 
  custom:video-encoder-webm-vp8: eb34c28f22e8b96e1ab97ce403110664 -> 
  custom:video-decoder-webm-vp8: 9c59270c3fd7afecdb556c50c9e8de78 -> 
  custom:audio-decoder-ogg-vorbis: bf7c407c2cedff20999df2af8eb42d56 -> 
  custom:audio-encoder-webm-vorbis: bf7c407c2cedff20999df2af8eb42d56 -> 
========================================================================
Received Import Request.
  path: Assets/Sprites/Player.png
  artifactKey: Guid(966d211e0e537bf4782c129f96329e0d) Importer(815301076,1909f56bfc062723c751e8b465ee728b)
Start importing Assets/Sprites/Player.png using Guid(966d211e0e537bf4782c129f96329e0d) Importer(815301076,1909f56bfc062723c751e8b465ee728b)  -> (artifact id: '3ba19484eae5d1980e06e0ef5bf06c05') in 0.180444 seconds 
========================================================================
Received Import Request.
  Time since last request: 0.000327 seconds.
  path: Assets/Sprites/ClownPlayer.png
  artifactKey: Guid(1992318055aeba84e95f73c7eb6ad917) Importer(815301076,1909f56bfc062723c751e8b465ee728b)
Start importing Assets/Sprites/ClownPlayer.png using Guid(1992318055aeba84e95f73c7eb6ad917) Importer(815301076,1909f56bfc062723c751e8b465ee728b)  -> (artifact id: '24e2e4f038352db297e6d77fd3b17c13') in 0.109764 seconds 
========================================================================
Received Import Request.
  Time since last request: 917.135504 seconds.
  path: Assets/Sprites/ClownPlayer.png
  artifactKey: Guid(1992318055aeba84e95f73c7eb6ad917) Importer(815301076,1909f56bfc062723c751e8b465ee728b)
Start importing Assets/Sprites/ClownPlayer.png using Guid(1992318055aeba84e95f73c7eb6ad917) Importer(815301076,1909f56bfc062723c751e8b465ee728b)  -> (artifact id: '916215f5c9c00625c5378b0c028d708e') in 0.028273 seconds 
========================================================================
Received Import Request.
  Time since last request: 420.940761 seconds.
  path: Assets/Sprites/clow.jpg
  artifactKey: Guid(496e34d08204338498b7ca73a4cc059a) Importer(815301076,1909f56bfc062723c751e8b465ee728b)
Start importing Assets/Sprites/clow.jpg using Guid(496e34d08204338498b7ca73a4cc059a) Importer(815301076,1909f56bfc062723c751e8b465ee728b)  -> (artifact id: 'be19c2c6ad8684f1eb24fae76605cb7e') in 0.048883 seconds 
========================================================================
Received Import Request.
  Time since last request: 9.941021 seconds.
  path: Assets/Sprites/clow.jpg
  artifactKey: Guid(496e34d08204338498b7ca73a4cc059a) Importer(815301076,1909f56bfc062723c751e8b465ee728b)
Start importing Assets/Sprites/clow.jpg using Guid(496e34d08204338498b7ca73a4cc059a) Importer(815301076,1909f56bfc062723c751e8b465ee728b)  -> (artifact id: 'b5f63b60f43a8dbb434ab67feac568cf') in 0.028619 seconds 
========================================================================
Received Import Request.
  Time since last request: 14.563475 seconds.
  path: Assets/Sprites/clown.png
  artifactKey: Guid(e268d6e3f1ca12d499351ac2cf7dbee8) Importer(815301076,1909f56bfc062723c751e8b465ee728b)
Start importing Assets/Sprites/clown.png using Guid(e268d6e3f1ca12d499351ac2cf7dbee8) Importer(815301076,1909f56bfc062723c751e8b465ee728b)  -> (artifact id: '7ba092637eb5ce44f0e3114cd562b496') in 0.042270 seconds 
========================================================================
Received Import Request.
  Time since last request: 152.282140 seconds.
  path: Assets/ScriptGraphs/Player_Moves.asset
  artifactKey: Guid(cab97fb60f856534fa5d9519900b9234) Importer(815301076,1909f56bfc062723c751e8b465ee728b)
Start importing Assets/ScriptGraphs/Player_Moves.asset using Guid(cab97fb60f856534fa5d9519900b9234) Importer(815301076,1909f56bfc062723c751e8b465ee728b)  -> (artifact id: 'bad8ea44a0fc7a5d8f50b508e43a3d9b') in 0.359011 seconds 
AssetImportWorkerClient::OnTransportError - code=2 error=End of file
